1: CD19 test
2: 
3: main
4:     i : real, j : real, k : real
5: 
6: begin
7:     /-------------------------------------------------
8:     /-- PRINTLINES - THESE ALL WORK NOW
9:     /--printline "PRLN Hello World"; /-- print once
10:     /--printline "PRLN Hello World"; /-- print twice
11:     /--printline "PRLN Hello World"; /-- print thrice
12:     /--printline "a";
13:     /--printline "a","b","c";
14:     /--printline 1, 277, 500000, 654654;
15:     /--i = 1;
16:     /--j = 2;
17:     /--k = 3;
18:     /--printline i;
19:     /--printline j;
20:     /--printline k;
21:     /--printline i,j,k;
22:     /--printline 500000;
23:     /--printline 500000;
24:     /--printline 5.0;
25:     /--printline 5.0;
26:     /--printline 5.0,5.1,1;
27: 
28:     /-------------------------------------------------
29:     /-- Print - THESE ALL WORK NOW
30:     /--print "Hello World"; /-- print once
31:     /--print "PRINT Hello World"; /-- print twice
32:     /--print "PRINT Hello World"; /-- print thrice
33:     /--print "a";
34:     /--print "a","b","c";
35:     /--print 1, 277, 500000, 654654;
36:     /--i = 1;
37:     /--j = 2;
38:     /--k = 3;
39:     /--print i;
40:     /--print j;
41:     /--print k;
42:     /--print i,j,k;
43:     /--print 500000;
44:     /--print 500000;
45:     /--print 5.0;
46:     /--print 5.0;
47:     /--print 5.0,5.1,1;
48:     /-------------------------------------------------
49:     /-- inputs on ints work
50:     /-- inputs on reals work
51:    input i;
52:    input j;
53:    input k;
54:    input i,j,k;
55: 
56:    printline i;
57:    printline j;
58:    printline k;
59:     /-------------------------------------------------
60:     /-- int variable assign (1 number and 2 number) works, as well as signs
61:     /-- real variable assign (1 number and 2 number) works, as well as signs
62:     /--i=1;
63:     /--j=2.4564+2.654;
64:     /--printline i;
65:     /--printline j;
66: 
67:     /--i=277;
68:     /--j = 277*277.56;
69:     /--printline i;
70:     /--printline j;
71: 
72:     /--i=500000;
73:     /--j=500000.12321-500000;
74:     /--printline i;
75:     /--printline j;
76: 
77:     /--mybool = true; /--TODO THIS DOESNT WORK
78:     /--printline true; /--TODO THIS DOESNT WORK
79: 
80:     /--i = 5+5*5-5/5 + (1+1);
81:     /--printline i;
82: 
83:     /--i += 7;
84:     /--printline i;
85: 
86:     /--i -= 1;
87:     /--printline i;
88: 
89:     /--i=5;
90:     /--i *= 1;
91:     /--printline i;
92: 
93:     /--i = 1/0;  /--interesting side note this actually works and is handled gracefully by SM19
94:     /--printline i;
95: 
96:     /--i= 6;
97:     /--printline i;
98:     /--i /=6;
99:     /--printline i;
100:     /-------------------------------------------------
101:     /--todo: test rept, if, if else, and for loops
102:     /-- todo -boolean shit
103: 
104: end
105: 
106: 
107: CD19 test
